<?xml version="1.0" encoding="UTF-8"?>
<!-- Generated by org.testng.reporters.JUnitXMLReporter -->
<testsuite ignored="0" hostname="MSI" failures="1" tests="5" name="Surefire test" time="60.292" errors="0" timestamp="2024-06-09T00:06:58 IST">
  <testcase classname="Tests.ErrorValidationTest" name="loginErrorValidation" time="0.405">
    <failure type="java.lang.AssertionError" message="expected [Incorrect email or password.] but found [Incorrect email  password.]">
      <![CDATA[java.lang.AssertionError: expected [Incorrect email or password.] but found [Incorrect email  password.]
at Tests.ErrorValidationTest.loginErrorValidation(ErrorValidationTest.java:17)
at java.base/java.util.ArrayList.forEach(ArrayList.java:1541)
... Removed 38 stack frames]]>
    </failure>
  </testcase> <!-- loginErrorValidation -->
  <testcase classname="Tests.ErrorValidationTest" name="productErrorValidation" time="11.941"/>
  <testcase classname="Tests.SubmitOrderTest" name="submitOrder" time="15.366"/>
  <testcase classname="Tests.SubmitOrderTest" name="submitOrder" time="16.703"/>
  <testcase classname="Tests.SubmitOrderTest" name="orderHistoryTest" time="0.493"/>
</testsuite> <!-- Surefire test -->
