<?xml version="1.0" encoding="UTF-8"?>
<!-- Generated by org.testng.reporters.JUnitXMLReporter -->
<testsuite ignored="0" hostname="MSI" failures="0" tests="3" name="Submit Order Test" time="42.144" errors="0" timestamp="2024-06-09T00:36:24 IST">
  <testcase classname="Tests.SubmitOrderTest" name="submitOrder" time="15.596"/>
  <testcase classname="Tests.SubmitOrderTest" name="submitOrder" time="15.193"/>
  <testcase classname="Tests.SubmitOrderTest" name="orderHistoryTest" time="0.624"/>
</testsuite> <!-- Submit Order Test -->
