<?xml version="1.0" encoding="UTF-8"?>
<!-- Generated by org.testng.reporters.JUnitXMLReporter -->
<testsuite ignored="1" hostname="MSI" failures="0" tests="2" name="Submit Order Test" time="28.443" errors="0" timestamp="2024-06-09T14:55:39 IST">
  <testcase classname="Tests.SubmitOrderTest" name="submitOrder" time="15.418"/>
  <testcase classname="Tests.SubmitOrderTest" name="submitOrder" time="5.851"/>
  <testcase classname="Tests.SubmitOrderTest" name="orderHistoryTest" time="0.0">
    <ignored/>
  </testcase> <!-- orderHistoryTest -->
</testsuite> <!-- Submit Order Test -->
