<?xml version="1.0" encoding="UTF-8"?>
<testng-results ignored="0" total="2" passed="2" failed="0" skipped="0">
  <reporter-output>
  </reporter-output>
  <suite started-at="2024-06-09T14:55:10 IST" name="Suite" finished-at="2024-06-09T14:55:39 IST" duration-ms="28443">
    <groups>
      <group name="Purchase">
        <method signature="SubmitOrderTest.submitOrder(java.util.HashMap)[pri:0, instance:Tests.SubmitOrderTest@39de3d36]" name="submitOrder" class="Tests.SubmitOrderTest"/>
      </group> <!-- Purchase -->
    </groups>
    <test started-at="2024-06-09T14:55:10 IST" name="Error Validation Test" finished-at="2024-06-09T14:55:10 IST" duration-ms="15">
    </test> <!-- Error Validation Test -->
    <test started-at="2024-06-09T14:55:10 IST" name="Submit Order Test" finished-at="2024-06-09T14:55:39 IST" duration-ms="28443">
      <class name="Tests.SubmitOrderTest">
        <test-method is-config="true" signature="launchApplication()[pri:0, instance:Tests.SubmitOrderTest@39de3d36]" started-at="2024-06-09T14:55:10 IST" name="launchApplication" finished-at="2024-06-09T14:55:14 IST" duration-ms="3607" status="PASS">
          <reporter-output>
          </reporter-output>
        </test-method> <!-- launchApplication -->
        <test-method signature="submitOrder(java.util.HashMap)[pri:0, instance:Tests.SubmitOrderTest@39de3d36]" started-at="2024-06-09T14:55:14 IST" name="submitOrder" data-provider="getData" finished-at="2024-06-09T14:55:30 IST" duration-ms="15418" status="PASS">
          <params>
            <param index="0">
              <value>
                <![CDATA[{password=Pass@1234, product=ADIDAS ORIGINAL, email=sayan@mail.com}]]>
              </value>
            </param>
          </params>
          <reporter-output>
          </reporter-output>
        </test-method> <!-- submitOrder -->
        <test-method is-config="true" signature="tearDown()[pri:0, instance:Tests.SubmitOrderTest@39de3d36]" started-at="2024-06-09T14:55:30 IST" name="tearDown" finished-at="2024-06-09T14:55:30 IST" duration-ms="80" status="PASS">
          <reporter-output>
          </reporter-output>
        </test-method> <!-- tearDown -->
        <test-method is-config="true" signature="launchApplication()[pri:0, instance:Tests.SubmitOrderTest@39de3d36]" started-at="2024-06-09T14:55:30 IST" name="launchApplication" finished-at="2024-06-09T14:55:33 IST" duration-ms="3170" status="PASS">
          <reporter-output>
          </reporter-output>
        </test-method> <!-- launchApplication -->
        <test-method signature="submitOrder(java.util.HashMap)[pri:0, instance:Tests.SubmitOrderTest@39de3d36]" started-at="2024-06-09T14:55:33 IST" name="submitOrder" data-provider="getData" finished-at="2024-06-09T14:55:39 IST" duration-ms="5851" status="PASS">
          <params>
            <param index="0">
              <value>
                <![CDATA[{password=Pass@1234, product=IPHONE 13 PRO, email=sayan@mail.com}]]>
              </value>
            </param>
          </params>
          <reporter-output>
          </reporter-output>
        </test-method> <!-- submitOrder -->
        <test-method is-config="true" signature="tearDown()[pri:0, instance:Tests.SubmitOrderTest@39de3d36]" started-at="2024-06-09T14:55:39 IST" name="tearDown" finished-at="2024-06-09T14:55:39 IST" duration-ms="80" status="PASS">
          <reporter-output>
          </reporter-output>
        </test-method> <!-- tearDown -->
      </class> <!-- Tests.SubmitOrderTest -->
    </test> <!-- Submit Order Test -->
  </suite> <!-- Suite -->
</testng-results>
